<?xml version="1.0" encoding="UTF-8"?>
<!-- Generated by org.testng.reporters.JUnitReportReporter -->
<testsuite skipped="0" hostname="DESKTOP-8B4UE8D" name="Carguru" tests="3" failures="0" timestamp="07 Oct 2018 17:23:39 GMT" time="67.484" errors="0">
  <testcase name="verfiyTitleOfCars" time="14.791" classname="Carguru"/>
  <testcase name="SearchCarsForAZipCode" time="25.246" classname="Carguru"/>
  <testcase name="titleOfSearchPageByZipCode" time="27.447" classname="Carguru"/>
</testsuite> <!-- Carguru -->
